<?xml version="1.0" encoding="UTF-8"?>
<!-- Generated by org.testng.reporters.JUnitReportReporter -->
<testsuite hostname="DESKTOP-JC970GR" failures="0" tests="1" name="test.LoginTest" time="5.595" errors="0" timestamp="28 May 2021 01:10:13 GMT" skipped="0">
  <testcase classname="test.LoginTest" name="validUserShouldBeAbleToLogin" time="5.595"/>
</testsuite> <!-- test.LoginTest -->
